\BOOKMARK [0][-]{chapter.1}{\376\377\000I\000n\000s\000t\000a\000l\000l\000i\000n\000g\000\040\000P\000y\000-\000B\000O\000B\000Y\000Q\000A}{}% 1
\BOOKMARK [1][-]{section.1.1}{\376\377\000R\000e\000q\000u\000i\000r\000e\000m\000e\000n\000t\000s}{chapter.1}% 2
\BOOKMARK [1][-]{section.1.2}{\376\377\000I\000n\000s\000t\000a\000l\000l\000a\000t\000i\000o\000n\000\040\000u\000s\000i\000n\000g\000\040\000p\000i\000p}{chapter.1}% 3
\BOOKMARK [1][-]{section.1.3}{\376\377\000M\000a\000n\000u\000a\000l\000\040\000i\000n\000s\000t\000a\000l\000l\000a\000t\000i\000o\000n}{chapter.1}% 4
\BOOKMARK [1][-]{section.1.4}{\376\377\000T\000e\000s\000t\000i\000n\000g}{chapter.1}% 5
\BOOKMARK [1][-]{section.1.5}{\376\377\000U\000n\000i\000n\000s\000t\000a\000l\000l\000a\000t\000i\000o\000n}{chapter.1}% 6
\BOOKMARK [0][-]{chapter.2}{\376\377\000O\000v\000e\000r\000v\000i\000e\000w}{}% 7
\BOOKMARK [1][-]{section.2.1}{\376\377\000W\000h\000e\000n\000\040\000t\000o\000\040\000u\000s\000e\000\040\000P\000y\000-\000B\000O\000B\000Y\000Q\000A}{chapter.2}% 8
\BOOKMARK [1][-]{section.2.2}{\376\377\000D\000e\000t\000a\000i\000l\000s\000\040\000o\000f\000\040\000t\000h\000e\000\040\000P\000y\000-\000B\000O\000B\000Y\000Q\000A\000\040\000A\000l\000g\000o\000r\000i\000t\000h\000m}{chapter.2}% 9
\BOOKMARK [1][-]{section.2.3}{\376\377\000R\000e\000f\000e\000r\000e\000n\000c\000e\000s}{chapter.2}% 10
\BOOKMARK [0][-]{chapter.3}{\376\377\000U\000s\000i\000n\000g\000\040\000P\000y\000-\000B\000O\000B\000Y\000Q\000A}{}% 11
\BOOKMARK [1][-]{section.3.1}{\376\377\000N\000o\000n\000l\000i\000n\000e\000a\000r\000\040\000M\000i\000n\000i\000m\000i\000z\000a\000t\000i\000o\000n}{chapter.3}% 12
\BOOKMARK [1][-]{section.3.2}{\376\377\000H\000o\000w\000\040\000t\000o\000\040\000u\000s\000e\000\040\000P\000y\000-\000B\000O\000B\000Y\000Q\000A}{chapter.3}% 13
\BOOKMARK [1][-]{section.3.3}{\376\377\000O\000p\000t\000i\000o\000n\000a\000l\000\040\000A\000r\000g\000u\000m\000e\000n\000t\000s}{chapter.3}% 14
\BOOKMARK [1][-]{section.3.4}{\376\377\000A\000\040\000S\000i\000m\000p\000l\000e\000\040\000E\000x\000a\000m\000p\000l\000e}{chapter.3}% 15
\BOOKMARK [1][-]{section.3.5}{\376\377\000A\000d\000d\000i\000n\000g\000\040\000B\000o\000u\000n\000d\000s\000\040\000a\000n\000d\000\040\000M\000o\000r\000e\000\040\000O\000u\000t\000p\000u\000t}{chapter.3}% 16
\BOOKMARK [1][-]{section.3.6}{\376\377\000E\000x\000a\000m\000p\000l\000e\000:\000\040\000N\000o\000i\000s\000y\000\040\000O\000b\000j\000e\000c\000t\000i\000v\000e\000\040\000E\000v\000a\000l\000u\000a\000t\000i\000o\000n}{chapter.3}% 17
\BOOKMARK [1][-]{section.3.7}{\376\377\000E\000x\000a\000m\000p\000l\000e\000:\000\040\000G\000l\000o\000b\000a\000l\000\040\000O\000p\000t\000i\000m\000i\000z\000a\000t\000i\000o\000n}{chapter.3}% 18
\BOOKMARK [1][-]{section.3.8}{\376\377\000R\000e\000f\000e\000r\000e\000n\000c\000e\000s}{chapter.3}% 19
\BOOKMARK [0][-]{chapter.4}{\376\377\000A\000d\000v\000a\000n\000c\000e\000d\000\040\000U\000s\000a\000g\000e}{}% 20
\BOOKMARK [1][-]{section.4.1}{\376\377\000G\000e\000n\000e\000r\000a\000l\000\040\000A\000l\000g\000o\000r\000i\000t\000h\000m\000\040\000P\000a\000r\000a\000m\000e\000t\000e\000r\000s}{chapter.4}% 21
\BOOKMARK [1][-]{section.4.2}{\376\377\000L\000o\000g\000g\000i\000n\000g\000\040\000a\000n\000d\000\040\000O\000u\000t\000p\000u\000t}{chapter.4}% 22
\BOOKMARK [1][-]{section.4.3}{\376\377\000I\000n\000i\000t\000i\000a\000l\000i\000z\000a\000t\000i\000o\000n\000\040\000o\000f\000\040\000P\000o\000i\000n\000t\000s}{chapter.4}% 23
\BOOKMARK [1][-]{section.4.4}{\376\377\000T\000r\000u\000s\000t\000\040\000R\000e\000g\000i\000o\000n\000\040\000M\000a\000n\000a\000g\000e\000m\000e\000n\000t}{chapter.4}% 24
\BOOKMARK [1][-]{section.4.5}{\376\377\000T\000e\000r\000m\000i\000n\000a\000t\000i\000o\000n\000\040\000o\000n\000\040\000S\000m\000a\000l\000l\000\040\000O\000b\000j\000e\000c\000t\000i\000v\000e\000\040\000V\000a\000l\000u\000e}{chapter.4}% 25
\BOOKMARK [1][-]{section.4.6}{\376\377\000T\000e\000r\000m\000i\000n\000a\000t\000i\000o\000n\000\040\000o\000n\000\040\000S\000l\000o\000w\000\040\000P\000r\000o\000g\000r\000e\000s\000s}{chapter.4}% 26
\BOOKMARK [1][-]{section.4.7}{\376\377\000S\000t\000o\000c\000h\000a\000s\000t\000i\000c\000\040\000N\000o\000i\000s\000e\000\040\000I\000n\000f\000o\000r\000m\000a\000t\000i\000o\000n}{chapter.4}% 27
\BOOKMARK [1][-]{section.4.8}{\376\377\000I\000n\000t\000e\000r\000p\000o\000l\000a\000t\000i\000o\000n\000\040\000M\000a\000n\000a\000g\000e\000m\000e\000n\000t}{chapter.4}% 28
\BOOKMARK [1][-]{section.4.9}{\376\377\000M\000u\000l\000t\000i\000p\000l\000e\000\040\000R\000e\000s\000t\000a\000r\000t\000s}{chapter.4}% 29
\BOOKMARK [1][-]{section.4.10}{\376\377\000R\000e\000f\000e\000r\000e\000n\000c\000e\000s}{chapter.4}% 30
\BOOKMARK [0][-]{chapter.5}{\376\377\000D\000i\000a\000g\000n\000o\000s\000t\000i\000c\000\040\000I\000n\000f\000o\000r\000m\000a\000t\000i\000o\000n}{}% 31
\BOOKMARK [1][-]{section.5.1}{\376\377\000C\000u\000r\000r\000e\000n\000t\000\040\000I\000t\000e\000r\000a\000t\000e}{chapter.5}% 32
\BOOKMARK [1][-]{section.5.2}{\376\377\000T\000r\000u\000s\000t\000\040\000R\000e\000g\000i\000o\000n}{chapter.5}% 33
\BOOKMARK [1][-]{section.5.3}{\376\377\000M\000o\000d\000e\000l\000\040\000I\000n\000t\000e\000r\000p\000o\000l\000a\000t\000i\000o\000n}{chapter.5}% 34
\BOOKMARK [1][-]{section.5.4}{\376\377\000I\000t\000e\000r\000a\000t\000i\000o\000n\000\040\000C\000o\000u\000n\000t}{chapter.5}% 35
\BOOKMARK [1][-]{section.5.5}{\376\377\000A\000l\000g\000o\000r\000i\000t\000h\000m\000\040\000P\000r\000o\000g\000r\000e\000s\000s}{chapter.5}% 36
\BOOKMARK [0][-]{chapter.6}{\376\377\000V\000e\000r\000s\000i\000o\000n\000\040\000H\000i\000s\000t\000o\000r\000y}{}% 37
\BOOKMARK [1][-]{section.6.1}{\376\377\000V\000e\000r\000s\000i\000o\000n\000\040\0001\000.\0000\000\040\000\050\0006\000\040\000F\000e\000b\000\040\0002\0000\0001\0008\000\051}{chapter.6}% 38
\BOOKMARK [1][-]{section.6.2}{\376\377\000V\000e\000r\000s\000i\000o\000n\000\040\0001\000.\0000\000.\0001\000\040\000\050\0002\0000\000\040\000F\000e\000b\000\040\0002\0000\0001\0008\000\051}{chapter.6}% 39
\BOOKMARK [1][-]{section.6.3}{\376\377\000V\000e\000r\000s\000i\000o\000n\000\040\0001\000.\0000\000.\0002\000\040\000\050\0002\0000\000\040\000J\000u\000n\000\040\0002\0000\0001\0008\000\051}{chapter.6}% 40
\BOOKMARK [1][-]{section.6.4}{\376\377\000V\000e\000r\000s\000i\000o\000n\000\040\0001\000.\0001\000\040\000\050\0002\0004\000\040\000D\000e\000c\000\040\0002\0000\0001\0008\000\051}{chapter.6}% 41
\BOOKMARK [1][-]{section.6.5}{\376\377\000V\000e\000r\000s\000i\000o\000n\000\040\0001\000.\0001\000.\0001\000\040\000\050\0005\000\040\000A\000p\000r\000\040\0002\0000\0001\0009\000\051}{chapter.6}% 42
\BOOKMARK [1][-]{section.6.6}{\376\377\000V\000e\000r\000s\000i\000o\000n\000\040\0001\000.\0002\000\040\000\050\0002\0005\000\040\000F\000e\000b\000\040\0002\0000\0002\0000\000\051}{chapter.6}% 43
\BOOKMARK [1][-]{section.6.7}{\376\377\000V\000e\000r\000s\000i\000o\000n\000\040\0001\000.\0003\000\040\000\050\0001\0004\000\040\000A\000p\000r\000\040\0002\0000\0002\0001\000\051}{chapter.6}% 44
\BOOKMARK [1][-]{section.6.8}{\376\377\000V\000e\000r\000s\000i\000o\000n\000\040\0001\000.\0004\000\040\000\050\0001\0006\000\040\000M\000a\000y\000\040\0002\0000\0002\0003\000\051}{chapter.6}% 45
\BOOKMARK [0][-]{chapter.7}{\376\377\000A\000c\000k\000n\000o\000w\000l\000e\000d\000g\000e\000m\000e\000n\000t\000s}{}% 46
\BOOKMARK [0][-]{chapter*.3}{\376\377\000B\000i\000b\000l\000i\000o\000g\000r\000a\000p\000h\000y}{}% 47
